<?xml version="1.0" encoding="UTF-8"?>
<testsuite name="com.ait.phonebook.tests.LoginTest" tests="2" skipped="0" failures="0" errors="0" timestamp="2023-11-28T11:52:49" hostname="DESKTOP-GDRSN8B" time="12.433">
  <properties/>
  <testcase name="loginRegistredUserNegativeTest" classname="com.ait.phonebook.tests.LoginTest" time="1.303"/>
  <testcase name="loginRegistredUserPositiveTest" classname="com.ait.phonebook.tests.LoginTest" time="1.036"/>
  <system-out><![CDATA[]]></system-out>
  <system-err><![CDATA[]]></system-err>
</testsuite>
