<?xml version="1.0" encoding="UTF-8"?>
<testsuite name="com.ait.phonebook.tests.CreateNewAccountTests" tests="1" skipped="0" failures="0" errors="0" timestamp="2023-11-28T11:52:47" hostname="DESKTOP-GDRSN8B" time="2.548">
  <properties/>
  <testcase name="registraterExistedUserNegativeTest" classname="com.ait.phonebook.tests.CreateNewAccountTests" time="2.548"/>
  <system-out><![CDATA[]]></system-out>
  <system-err><![CDATA[]]></system-err>
</testsuite>
